<?xml version="1.0" encoding="UTF-8"?>
<!-- Generated by org.testng.reporters.JUnitReportReporter -->
<testsuite hostname="DESKTOP-HCQ9F8U" failures="1" tests="1" name="com.qa.tests.Test1_post_EnrollUserTest" time="1.118" errors="0" timestamp="16 May 2020 17:34:47 GMT">
  <testcase classname="com.qa.tests.Test1_post_EnrollUserTest" name="enrollUser" time="1.118">
    <failure message="Unrecognized field &quot;id&quot; (class com.qa.data.Users), not marked as ignorable (4 known properties: , &quot;rewardPoints&quot;, &quot;rewardBalance&quot;, &quot;userId&quot;, &quot;userName&quot;])
 at [Source: (String)&quot;{&quot;userId&quot;:&quot;userId&quot;,&quot;userName&quot;:&quot;userName&quot;,&quot;rewardPoints&quot;:&quot;rewardPoints&quot;,&quot;rewardBalance&quot;:&quot;rewardBalance&quot;,&quot;id&quot;:&quot;935&quot;,&quot;createdAt&quot;:&quot;2020-05-16T17:34:47.753Z&quot;}&quot;; line: 1, column: 110] (through reference chain: com.qa.data.Users[&quot;id&quot;])" type="com.fasterxml.jackson.databind.exc.UnrecognizedPropertyException">
      <![CDATA[com.fasterxml.jackson.databind.exc.UnrecognizedPropertyException: Unrecognized field "id" (class com.qa.data.Users), not marked as ignorable (4 known properties: , "rewardPoints", "rewardBalance", "userId", "userName"])
 at [Source: (String)"{"userId":"userId","userName":"userName","rewardPoints":"rewardPoints","rewardBalance":"rewardBalance","id":"935","createdAt":"2020-05-16T17:34:47.753Z"}"; line: 1, column: 110] (through reference chain: com.qa.data.Users["id"])
	at com.fasterxml.jackson.databind.exc.UnrecognizedPropertyException.from(UnrecognizedPropertyException.java:79)
	at com.fasterxml.jackson.databind.DeserializationContext.reportUnknownProperty(DeserializationContext.java:555)
	at com.fasterxml.jackson.databind.deser.std.StdDeserializer.handleUnknownProperty(StdDeserializer.java:708)
	at com.fasterxml.jackson.databind.deser.BeanDeserializerBase.handleUnknownProperty(BeanDeserializerBase.java:1160)
	at com.fasterxml.jackson.databind.deser.BeanDeserializer.deserializeFromObject(BeanDeserializer.java:315)
	at com.fasterxml.jackson.databind.deser.BeanDeserializer.deserialize(BeanDeserializer.java:121)
	at com.fasterxml.jackson.databind.ObjectMapper._readMapAndClose(ObjectMapper.java:2888)
	at com.fasterxml.jackson.databind.ObjectMapper.readValue(ObjectMapper.java:2034)
	at com.qa.tests.Test1_post_EnrollUserTest.enrollUser(Test1_post_EnrollUserTest.java:77)
	at java.base/jdk.internal.reflect.NativeMethodAccessorImpl.invoke0(Native Method)
	at java.base/jdk.internal.reflect.NativeMethodAccessorImpl.invoke(NativeMethodAccessorImpl.java:62)
	at java.base/jdk.internal.reflect.DelegatingMethodAccessorImpl.invoke(DelegatingMethodAccessorImpl.java:43)
	at java.base/java.lang.reflect.Method.invoke(Method.java:567)
	at org.testng.internal.MethodInvocationHelper.invokeMethod(MethodInvocationHelper.java:80)
	at org.testng.internal.Invoker.invokeMethod(Invoker.java:714)
	at org.testng.internal.Invoker.invokeTestMethod(Invoker.java:901)
	at org.testng.internal.Invoker.invokeTestMethods(Invoker.java:1231)
	at org.testng.internal.TestMethodWorker.invokeTestMethods(TestMethodWorker.java:127)
	at org.testng.internal.TestMethodWorker.run(TestMethodWorker.java:111)
	at org.testng.TestRunner.privateRun(TestRunner.java:767)
	at org.testng.TestRunner.run(TestRunner.java:617)
	at org.testng.SuiteRunner.runTest(SuiteRunner.java:334)
	at org.testng.SuiteRunner.runSequentially(SuiteRunner.java:329)
	at org.testng.SuiteRunner.privateRun(SuiteRunner.java:291)
	at org.testng.SuiteRunner.run(SuiteRunner.java:240)
	at org.testng.SuiteRunnerWorker.runSuite(SuiteRunnerWorker.java:52)
	at org.testng.SuiteRunnerWorker.run(SuiteRunnerWorker.java:86)
	at org.testng.TestNG.runSuitesSequentially(TestNG.java:1198)
	at org.testng.TestNG.runSuitesLocally(TestNG.java:1123)
	at org.testng.TestNG.run(TestNG.java:1031)
	at org.testng.remote.AbstractRemoteTestNG.run(AbstractRemoteTestNG.java:115)
	at org.testng.remote.RemoteTestNG.initAndRun(RemoteTestNG.java:251)
	at org.testng.remote.RemoteTestNG.main(RemoteTestNG.java:77)
]]>
    </failure>
  </testcase> <!-- enrollUser -->
</testsuite> <!-- com.qa.tests.Test1_post_EnrollUserTest -->
